0 info it worked if it ends with ok
1 verbose cli [ '/usr/local/bin/node', '/usr/local/bin/npm', 'publish' ]
2 info using npm@2.14.7
3 info using node@v4.2.2
4 verbose publish [ '.' ]
5 silly cache add args [ '.', null ]
6 verbose cache add spec .
7 silly cache add parsed spec Result {
7 silly cache add   raw: '.',
7 silly cache add   scope: null,
7 silly cache add   name: null,
7 silly cache add   rawSpec: '.',
7 silly cache add   spec: '/Users/samridhamla06/Desktop/image_proc/LiveScoresAPI',
7 silly cache add   type: 'directory' }
8 verbose addLocalDirectory /Users/samridhamla06/.npm/live-scores-api/1.0.0/package.tgz not in flight; packing
9 verbose tar pack [ '/Users/samridhamla06/.npm/live-scores-api/1.0.0/package.tgz',
9 verbose tar pack   '/Users/samridhamla06/Desktop/image_proc/LiveScoresAPI' ]
10 verbose tarball /Users/samridhamla06/.npm/live-scores-api/1.0.0/package.tgz
11 verbose folder /Users/samridhamla06/Desktop/image_proc/LiveScoresAPI
12 info prepublish live-scores-api@1.0.0
13 verbose addLocalTarball adding from inside cache /Users/samridhamla06/.npm/live-scores-api/1.0.0/package.tgz
14 silly cache afterAdd live-scores-api@1.0.0
15 verbose afterAdd /Users/samridhamla06/.npm/live-scores-api/1.0.0/package/package.json not in flight; writing
16 verbose afterAdd /Users/samridhamla06/.npm/live-scores-api/1.0.0/package/package.json written
17 silly publish { name: 'live-scores-api',
17 silly publish   version: '1.0.0',
17 silly publish   description: 'Live Sports Scores/Information API  in your Node JS absolutely FREE',
17 silly publish   main: 'index.js',
17 silly publish   dependencies:
17 silly publish    { debug: '^2.2.0',
17 silly publish      express: '^4.13.4',
17 silly publish      'body-parser': '^1.15.2',
17 silly publish      'cookie-parser': '^1.4.3',
17 silly publish      request: '^2.75.0',
17 silly publish      xml2js: '^0.4.17',
17 silly publish      'rss-to-json': '^1.0.2' },
17 silly publish   devDependencies: {},
17 silly publish   scripts: { test: 'test.js' },
17 silly publish   repository:
17 silly publish    { type: 'git',
17 silly publish      url: 'git+https://github.com/samridhamla06/live-scores-api.git' },
17 silly publish   keywords: [],
17 silly publish   author: '',
17 silly publish   license: 'ISC',
17 silly publish   bugs: { url: 'https://github.com/samridhamla06/live-scores-api/issues' },
17 silly publish   homepage: 'https://github.com/samridhamla06/live-scores-api#readme',
17 silly publish   gitHead: '6408d9d75029a3abe898ee5b06ae7fd4af4dbc43',
17 silly publish   readme: 'ERROR: No README data found!',
17 silly publish   _id: 'live-scores-api@1.0.0',
17 silly publish   _shasum: 'ddadde9d6ac31452b2f59d754e5570beb56ce244',
17 silly publish   _from: '.' }
18 verbose getPublishConfig undefined
19 silly mapToRegistry name live-scores-api
20 silly mapToRegistry using default registry
21 silly mapToRegistry registry https://registry.npmjs.org/
22 silly mapToRegistry uri https://registry.npmjs.org/live-scores-api
23 verbose publish registryBase https://registry.npmjs.org/
24 silly publish uploading /Users/samridhamla06/.npm/live-scores-api/1.0.0/package.tgz
25 verbose request uri https://registry.npmjs.org/live-scores-api
26 verbose request sending authorization for write operation
27 info attempt registry request try #1 at 2:57:47 AM
28 verbose request using bearer token for auth
29 verbose request id 6f72c9b10059d93d
30 http request PUT https://registry.npmjs.org/live-scores-api
31 http 403 https://registry.npmjs.org/live-scores-api
32 verbose headers { 'content-type': 'application/json',
32 verbose headers   'cache-control': 'max-age=300',
32 verbose headers   'content-length': '95',
32 verbose headers   'accept-ranges': 'bytes',
32 verbose headers   date: 'Sun, 09 Oct 2016 21:27:49 GMT',
32 verbose headers   via: '1.1 varnish',
32 verbose headers   connection: 'keep-alive',
32 verbose headers   'x-served-by': 'cache-sin6924-SIN',
32 verbose headers   'x-cache': 'MISS',
32 verbose headers   'x-cache-hits': '0',
32 verbose headers   'x-timer': 'S1476048468.296617,VS0,VE1029',
32 verbose headers   vary: 'Accept-Encoding' }
33 verbose request invalidating /Users/samridhamla06/.npm/registry.npmjs.org/live-scores-api on PUT
34 error publish Failed PUT 403
35 verbose stack Error: "You cannot publish over the previously published version 1.0.0." : live-scores-api
35 verbose stack     at makeError (/usr/local/lib/node_modules/npm/node_modules/npm-registry-client/lib/request.js:264:12)
35 verbose stack     at CachingRegistryClient.<anonymous> (/usr/local/lib/node_modules/npm/node_modules/npm-registry-client/lib/request.js:252:14)
35 verbose stack     at Request._callback (/usr/local/lib/node_modules/npm/node_modules/npm-registry-client/lib/request.js:172:14)
35 verbose stack     at Request.self.callback (/usr/local/lib/node_modules/npm/node_modules/request/request.js:198:22)
35 verbose stack     at emitTwo (events.js:87:13)
35 verbose stack     at Request.emit (events.js:172:7)
35 verbose stack     at Request.<anonymous> (/usr/local/lib/node_modules/npm/node_modules/request/request.js:1063:14)
35 verbose stack     at emitOne (events.js:82:20)
35 verbose stack     at Request.emit (events.js:169:7)
35 verbose stack     at IncomingMessage.<anonymous> (/usr/local/lib/node_modules/npm/node_modules/request/request.js:1009:12)
36 verbose statusCode 403
37 verbose pkgid live-scores-api
38 verbose cwd /Users/samridhamla06/Desktop/image_proc/LiveScoresAPI
39 error Darwin 14.4.0
40 error argv "/usr/local/bin/node" "/usr/local/bin/npm" "publish"
41 error node v4.2.2
42 error npm  v2.14.7
43 error code E403
44 error "You cannot publish over the previously published version 1.0.0." : live-scores-api
45 error If you need help, you may report this error at:
45 error     <https://github.com/npm/npm/issues>
46 verbose exit [ 1, true ]
